<?xml version="1.0" encoding="UTF-8"?>
<testng-results ignored="0" total="1" passed="1" failed="0" skipped="0">
  <reporter-output>
  </reporter-output>
  <suite started-at="2022-03-11T15:25:55 IST" name="Suite" finished-at="2022-03-11T15:26:05 IST" duration-ms="9703">
    <groups>
    </groups>
    <test started-at="2022-03-11T15:25:55 IST" name="Demo Test" finished-at="2022-03-11T15:26:05 IST" duration-ms="9703">
      <class name="Maven_TestNG.NewTest">
        <test-method is-config="true" signature="beforeClass()[pri:0, instance:Maven_TestNG.NewTest@4a94ee4]" started-at="2022-03-11T15:25:56 IST" name="beforeClass" finished-at="2022-03-11T15:25:58 IST" duration-ms="2825" status="PASS">
          <reporter-output>
          </reporter-output>
        </test-method> <!-- beforeClass -->
        <test-method signature="Login()[pri:0, instance:Maven_TestNG.NewTest@4a94ee4]" started-at="2022-03-11T15:25:58 IST" name="Login" finished-at="2022-03-11T15:26:05 IST" duration-ms="6619" status="PASS">
          <reporter-output>
          </reporter-output>
        </test-method> <!-- Login -->
        <test-method is-config="true" signature="afterClass()[pri:0, instance:Maven_TestNG.NewTest@4a94ee4]" started-at="2022-03-11T15:26:05 IST" name="afterClass" finished-at="2022-03-11T15:26:05 IST" duration-ms="206" status="PASS">
          <reporter-output>
          </reporter-output>
        </test-method> <!-- afterClass -->
      </class> <!-- Maven_TestNG.NewTest -->
    </test> <!-- Demo Test -->
  </suite> <!-- Suite -->
</testng-results>
